

#################### Compilacao do construto: DAMAS

jogo.c
..\Fontes\jogo.c(136) : warning C4245: 'initializing' : conversion from 'int' to 'unsigned char', signed/unsigned mismatch
..\Fontes\jogo.c(151) : warning C4996: 'scanf': This function or variable may be unsafe. Consider using scanf_s instead. To disable deprecation, use _CRT_SECURE_NO_WARNINGS. See online help for details.
        c:\Program Files (x86)\Microsoft Visual Studio 10.0\VC\INCLUDE\stdio.h(304) : see declaration of 'scanf'
..\Fontes\jogo.c(153) : warning C4996: 'scanf': This function or variable may be unsafe. Consider using scanf_s instead. To disable deprecation, use _CRT_SECURE_NO_WARNINGS. See online help for details.
        c:\Program Files (x86)\Microsoft Visual Studio 10.0\VC\INCLUDE\stdio.h(304) : see declaration of 'scanf'
..\Fontes\jogo.c(167) : warning C4996: 'scanf': This function or variable may be unsafe. Consider using scanf_s instead. To disable deprecation, use _CRT_SECURE_NO_WARNINGS. See online help for details.
        c:\Program Files (x86)\Microsoft Visual Studio 10.0\VC\INCLUDE\stdio.h(304) : see declaration of 'scanf'
..\Fontes\jogo.c(185) : warning C4996: 'scanf': This function or variable may be unsafe. Consider using scanf_s instead. To disable deprecation, use _CRT_SECURE_NO_WARNINGS. See online help for details.
        c:\Program Files (x86)\Microsoft Visual Studio 10.0\VC\INCLUDE\stdio.h(304) : see declaration of 'scanf'
..\Fontes\jogo.c(187) : warning C4013: 'tolower' undefined; assuming extern returning int
..\Fontes\jogo.c(187) : warning C4244: '=' : conversion from 'int' to 'unsigned char', possible loss of data
..\Fontes\jogo.c(217) : warning C4245: '=' : conversion from 'int' to 'unsigned char', signed/unsigned mismatch
..\Fontes\jogo.c(232) : warning C4245: '=' : conversion from 'int' to 'unsigned char', signed/unsigned mismatch
..\Fontes\jogo.c(272) : warning C4996: 'scanf': This function or variable may be unsafe. Consider using scanf_s instead. To disable deprecation, use _CRT_SECURE_NO_WARNINGS. See online help for details.
        c:\Program Files (x86)\Microsoft Visual Studio 10.0\VC\INCLUDE\stdio.h(304) : see declaration of 'scanf'
main.c
Microsoft (R) Incremental Linker Version 10.00.40219.01
Copyright (C) Microsoft Corporation.  All rights reserved.

/OUT:..\produto\DAMAS.exe 
/INCREMENTAL:NO 
/MACHINE:IX86 
lista.obj peca.obj tabuleiro.obj jogo.obj main.obj 
