

#################### Compilacao do construto: DAMAS

jogo.c
..\Fontes\jogo.c(138) : warning C4245: 'initializing' : conversion from 'int' to 'unsigned char', signed/unsigned mismatch
..\Fontes\jogo.c(153) : warning C4996: 'scanf': This function or variable may be unsafe. Consider using scanf_s instead. To disable deprecation, use _CRT_SECURE_NO_WARNINGS. See online help for details.
        c:\Program Files (x86)\Microsoft Visual Studio 10.0\VC\INCLUDE\stdio.h(304) : see declaration of 'scanf'
..\Fontes\jogo.c(155) : warning C4996: 'scanf': This function or variable may be unsafe. Consider using scanf_s instead. To disable deprecation, use _CRT_SECURE_NO_WARNINGS. See online help for details.
        c:\Program Files (x86)\Microsoft Visual Studio 10.0\VC\INCLUDE\stdio.h(304) : see declaration of 'scanf'
..\Fontes\jogo.c(156) : warning C4244: '=' : conversion from 'int' to 'unsigned char', possible loss of data
..\Fontes\jogo.c(170) : warning C4996: 'scanf': This function or variable may be unsafe. Consider using scanf_s instead. To disable deprecation, use _CRT_SECURE_NO_WARNINGS. See online help for details.
        c:\Program Files (x86)\Microsoft Visual Studio 10.0\VC\INCLUDE\stdio.h(304) : see declaration of 'scanf'
..\Fontes\jogo.c(188) : warning C4996: 'scanf': This function or variable may be unsafe. Consider using scanf_s instead. To disable deprecation, use _CRT_SECURE_NO_WARNINGS. See online help for details.
        c:\Program Files (x86)\Microsoft Visual Studio 10.0\VC\INCLUDE\stdio.h(304) : see declaration of 'scanf'
..\Fontes\jogo.c(190) : warning C4244: '=' : conversion from 'int' to 'unsigned char', possible loss of data
..\Fontes\jogo.c(221) : warning C4245: '=' : conversion from 'int' to 'unsigned char', signed/unsigned mismatch
..\Fontes\jogo.c(227) : warning C4245: '=' : conversion from 'int' to 'unsigned char', signed/unsigned mismatch
..\Fontes\jogo.c(242) : warning C4245: '=' : conversion from 'int' to 'unsigned char', signed/unsigned mismatch
..\Fontes\jogo.c(282) : warning C4996: 'scanf': This function or variable may be unsafe. Consider using scanf_s instead. To disable deprecation, use _CRT_SECURE_NO_WARNINGS. See online help for details.
        c:\Program Files (x86)\Microsoft Visual Studio 10.0\VC\INCLUDE\stdio.h(304) : see declaration of 'scanf'
main.c
Microsoft (R) Incremental Linker Version 10.00.40219.01
Copyright (C) Microsoft Corporation.  All rights reserved.

/OUT:..\produto\DAMAS.exe 
/INCREMENTAL:NO 
/MACHINE:IX86 
lista.obj peca.obj tabuleiro.obj jogo.obj main.obj 


#################### Compilacao do construto: DAMASDEBUG

lista.c
peca.c
..\Fontes\peca.c(68) : warning C4244: 'function' : conversion from 'int' to 'unsigned char', possible loss of data
..\Fontes\peca.c(154) : warning C4244: '=' : conversion from 'int' to 'unsigned char', possible loss of data
tabuleiro.c
..\Fontes\tabuleiro.c(198) : warning C4244: '=' : conversion from 'int' to 'unsigned char', possible loss of data
..\Fontes\tabuleiro.c(223) : warning C4244: '=' : conversion from 'int' to 'unsigned char', possible loss of data
..\Fontes\tabuleiro.c(375) : warning C4244: '=' : conversion from 'int' to 'unsigned char', possible loss of data
..\Fontes\tabuleiro.c(409) : warning C4244: '=' : conversion from 'int' to 'unsigned char', possible loss of data
jogo.c
..\Fontes\jogo.c(138) : warning C4245: 'initializing' : conversion from 'int' to 'unsigned char', signed/unsigned mismatch
..\Fontes\jogo.c(153) : warning C4996: 'scanf': This function or variable may be unsafe. Consider using scanf_s instead. To disable deprecation, use _CRT_SECURE_NO_WARNINGS. See online help for details.
        c:\Program Files (x86)\Microsoft Visual Studio 10.0\VC\INCLUDE\stdio.h(304) : see declaration of 'scanf'
..\Fontes\jogo.c(155) : warning C4996: 'scanf': This function or variable may be unsafe. Consider using scanf_s instead. To disable deprecation, use _CRT_SECURE_NO_WARNINGS. See online help for details.
        c:\Program Files (x86)\Microsoft Visual Studio 10.0\VC\INCLUDE\stdio.h(304) : see declaration of 'scanf'
..\Fontes\jogo.c(156) : warning C4244: '=' : conversion from 'int' to 'unsigned char', possible loss of data
..\Fontes\jogo.c(170) : warning C4996: 'scanf': This function or variable may be unsafe. Consider using scanf_s instead. To disable deprecation, use _CRT_SECURE_NO_WARNINGS. See online help for details.
        c:\Program Files (x86)\Microsoft Visual Studio 10.0\VC\INCLUDE\stdio.h(304) : see declaration of 'scanf'
..\Fontes\jogo.c(188) : warning C4996: 'scanf': This function or variable may be unsafe. Consider using scanf_s instead. To disable deprecation, use _CRT_SECURE_NO_WARNINGS. See online help for details.
        c:\Program Files (x86)\Microsoft Visual Studio 10.0\VC\INCLUDE\stdio.h(304) : see declaration of 'scanf'
..\Fontes\jogo.c(190) : warning C4244: '=' : conversion from 'int' to 'unsigned char', possible loss of data
..\Fontes\jogo.c(221) : warning C4245: '=' : conversion from 'int' to 'unsigned char', signed/unsigned mismatch
..\Fontes\jogo.c(227) : warning C4245: '=' : conversion from 'int' to 'unsigned char', signed/unsigned mismatch
..\Fontes\jogo.c(242) : warning C4245: '=' : conversion from 'int' to 'unsigned char', signed/unsigned mismatch
..\Fontes\jogo.c(282) : warning C4996: 'scanf': This function or variable may be unsafe. Consider using scanf_s instead. To disable deprecation, use _CRT_SECURE_NO_WARNINGS. See online help for details.
        c:\Program Files (x86)\Microsoft Visual Studio 10.0\VC\INCLUDE\stdio.h(304) : see declaration of 'scanf'
main.c
Microsoft (R) Incremental Linker Version 10.00.40219.01
Copyright (C) Microsoft Corporation.  All rights reserved.

/OUT:..\produto\DAMASDEBUG.exe 
/INCREMENTAL:NO 
/MACHINE:IX86 
lista.obj peca.obj tabuleiro.obj jogo.obj main.obj 
ArcaboucoTeste.lib 
ArcaboucoTeste.lib(generico.obj) : error LNK2019: unresolved external symbol _TST_EfetuarComando referenced in function _InterpretarComandos
..\produto\DAMASDEBUG.exe : fatal error LNK1120: 1 unresolved externals


#################### Compilacao do construto: TESTELISTA

testLista.c
..\Fontes\testLista.c(189) : warning C4996: 'strcpy': This function or variable may be unsafe. Consider using strcpy_s instead. To disable deprecation, use _CRT_SECURE_NO_WARNINGS. See online help for details.
        c:\Program Files (x86)\Microsoft Visual Studio 10.0\VC\INCLUDE\string.h(105) : see declaration of 'strcpy'
..\Fontes\testLista.c(238) : warning C4996: 'strcpy': This function or variable may be unsafe. Consider using strcpy_s instead. To disable deprecation, use _CRT_SECURE_NO_WARNINGS. See online help for details.
        c:\Program Files (x86)\Microsoft Visual Studio 10.0\VC\INCLUDE\string.h(105) : see declaration of 'strcpy'
lista.c
Microsoft (R) Incremental Linker Version 10.00.40219.01
Copyright (C) Microsoft Corporation.  All rights reserved.

/OUT:..\produto\TESTELISTA.exe 
/INCREMENTAL:NO 
/MACHINE:IX86 
testLista.obj lista.obj 
ArcaboucoTeste.lib 


#################### Compilacao do construto: TESTEPECA

testpeca.c
peca.c
..\Fontes\peca.c(68) : warning C4244: 'function' : conversion from 'int' to 'unsigned char', possible loss of data
..\Fontes\peca.c(154) : warning C4244: '=' : conversion from 'int' to 'unsigned char', possible loss of data
Microsoft (R) Incremental Linker Version 10.00.40219.01
Copyright (C) Microsoft Corporation.  All rights reserved.

/OUT:..\produto\TESTEPECA.exe 
/INCREMENTAL:NO 
/MACHINE:IX86 
testpeca.obj peca.obj 
ArcaboucoTeste.lib 


#################### Compilacao do construto: TESTETABULEIRO

testtabuleiro.c
..\Fontes\testtabuleiro.c(167) : warning C4244: 'function' : conversion from 'int' to 'unsigned char', possible loss of data
..\Fontes\testtabuleiro.c(180) : warning C4244: 'function' : conversion from 'int' to 'unsigned char', possible loss of data
..\Fontes\testtabuleiro.c(193) : warning C4244: 'function' : conversion from 'int' to 'unsigned char', possible loss of data
tabuleiro.c
..\Fontes\tabuleiro.c(198) : warning C4244: '=' : conversion from 'int' to 'unsigned char', possible loss of data
..\Fontes\tabuleiro.c(223) : warning C4244: '=' : conversion from 'int' to 'unsigned char', possible loss of data
Microsoft (R) Incremental Linker Version 10.00.40219.01
Copyright (C) Microsoft Corporation.  All rights reserved.

/OUT:..\produto\TESTETABULEIRO.exe 
/INCREMENTAL:NO 
/MACHINE:IX86 
testtabuleiro.obj tabuleiro.obj lista.obj peca.obj 
ArcaboucoTeste.lib 


#################### Compilacao do construto: TESTETABULEIRODEBUG

testtabuleiro.c
..\Fontes\testtabuleiro.c(167) : warning C4244: 'function' : conversion from 'int' to 'unsigned char', possible loss of data
..\Fontes\testtabuleiro.c(180) : warning C4244: 'function' : conversion from 'int' to 'unsigned char', possible loss of data
..\Fontes\testtabuleiro.c(193) : warning C4244: 'function' : conversion from 'int' to 'unsigned char', possible loss of data
..\Fontes\testtabuleiro.c(225) : warning C4244: 'function' : conversion from 'int' to 'unsigned char', possible loss of data
..\Fontes\testtabuleiro.c(244) : warning C4245: 'function' : conversion from 'int' to 'unsigned char', signed/unsigned mismatch
..\Fontes\testtabuleiro.c(254) : warning C4244: 'function' : conversion from 'int' to 'unsigned char', possible loss of data
..\Fontes\testtabuleiro.c(264) : warning C4245: 'function' : conversion from 'int' to 'unsigned char', signed/unsigned mismatch
Microsoft (R) Incremental Linker Version 10.00.40219.01
Copyright (C) Microsoft Corporation.  All rights reserved.

/OUT:..\produto\TESTETABULEIRODEBUG.exe 
/INCREMENTAL:NO 
/MACHINE:IX86 
testtabuleiro.obj tabuleiro.obj lista.obj peca.obj 
ArcaboucoTeste.lib 
